[2025-04-19T15:28:17.546+0000] {local_task_job_runner.py:123} INFO - ::group::Pre task execution logs
[2025-04-19T15:28:17.613+0000] {taskinstance.py:2614} INFO - Dependencies all met for dep_context=non-requeueable deps ti=<TaskInstance: load_new_order_items.dbt_staging manual__2025-04-19T15:20:13.235992+00:00 [queued]>
[2025-04-19T15:28:17.628+0000] {taskinstance.py:2614} INFO - Dependencies all met for dep_context=requeueable deps ti=<TaskInstance: load_new_order_items.dbt_staging manual__2025-04-19T15:20:13.235992+00:00 [queued]>
[2025-04-19T15:28:17.632+0000] {taskinstance.py:2867} INFO - Starting attempt 3 of 3
[2025-04-19T15:28:17.650+0000] {taskinstance.py:2890} INFO - Executing <Task(TriggerDagRunOperator): dbt_staging> on 2025-04-19 15:20:13.235992+00:00
[2025-04-19T15:28:17.657+0000] {logging_mixin.py:190} WARNING - /home/airflow/.local/lib/python3.12/site-packages/airflow/task/task_runner/standard_task_runner.py:70 DeprecationWarning: This process (pid=2866) is multi-threaded, use of fork() may lead to deadlocks in the child.
[2025-04-19T15:28:17.658+0000] {standard_task_runner.py:72} INFO - Started process 2867 to run task
[2025-04-19T15:28:17.657+0000] {standard_task_runner.py:104} INFO - Running: ['airflow', 'tasks', 'run', 'load_new_order_items', 'dbt_staging', 'manual__2025-04-19T15:20:13.235992+00:00', '--job-id', '221', '--raw', '--subdir', 'DAGS_FOLDER/store_to_sql_order_items.py', '--cfg-path', '/tmp/tmp0_1sk1ng']
[2025-04-19T15:28:17.659+0000] {standard_task_runner.py:105} INFO - Job 221: Subtask dbt_staging
[2025-04-19T15:28:17.818+0000] {task_command.py:467} INFO - Running <TaskInstance: load_new_order_items.dbt_staging manual__2025-04-19T15:20:13.235992+00:00 [running]> on host 27536697ee14
[2025-04-19T15:28:18.014+0000] {taskinstance.py:3134} INFO - Exporting env vars: AIRFLOW_CTX_DAG_OWNER='azizjon' AIRFLOW_CTX_DAG_ID='load_new_order_items' AIRFLOW_CTX_TASK_ID='dbt_staging' AIRFLOW_CTX_EXECUTION_DATE='2025-04-19T15:20:13.235992+00:00' AIRFLOW_CTX_TRY_NUMBER='3' AIRFLOW_CTX_DAG_RUN_ID='manual__2025-04-19T15:20:13.235992+00:00'
[2025-04-19T15:28:18.015+0000] {taskinstance.py:732} INFO - ::endgroup::
[2025-04-19T15:28:18.179+0000] {trigger_dagrun.py:217} INFO - Clearing dbt_etl_pipeline_staging on 2025-04-19 15:20:13.235992+00:00
[2025-04-19T15:28:18.833+0000] {trigger_dagrun.py:257} INFO - Waiting for dbt_etl_pipeline_staging on 2025-04-19 15:20:13.235992+00:00 to become allowed state ['success'] ...
[2025-04-19T15:28:23.912+0000] {trigger_dagrun.py:257} INFO - Waiting for dbt_etl_pipeline_staging on 2025-04-19 15:20:13.235992+00:00 to become allowed state ['success'] ...
[2025-04-19T15:28:28.962+0000] {trigger_dagrun.py:257} INFO - Waiting for dbt_etl_pipeline_staging on 2025-04-19 15:20:13.235992+00:00 to become allowed state ['success'] ...
[2025-04-19T15:28:34.011+0000] {trigger_dagrun.py:257} INFO - Waiting for dbt_etl_pipeline_staging on 2025-04-19 15:20:13.235992+00:00 to become allowed state ['success'] ...
[2025-04-19T15:28:39.072+0000] {trigger_dagrun.py:257} INFO - Waiting for dbt_etl_pipeline_staging on 2025-04-19 15:20:13.235992+00:00 to become allowed state ['success'] ...
[2025-04-19T15:28:44.126+0000] {trigger_dagrun.py:257} INFO - Waiting for dbt_etl_pipeline_staging on 2025-04-19 15:20:13.235992+00:00 to become allowed state ['success'] ...
[2025-04-19T15:28:49.179+0000] {trigger_dagrun.py:257} INFO - Waiting for dbt_etl_pipeline_staging on 2025-04-19 15:20:13.235992+00:00 to become allowed state ['success'] ...
[2025-04-19T15:28:54.269+0000] {trigger_dagrun.py:257} INFO - Waiting for dbt_etl_pipeline_staging on 2025-04-19 15:20:13.235992+00:00 to become allowed state ['success'] ...
[2025-04-19T15:28:59.322+0000] {trigger_dagrun.py:257} INFO - Waiting for dbt_etl_pipeline_staging on 2025-04-19 15:20:13.235992+00:00 to become allowed state ['success'] ...
[2025-04-19T15:29:04.373+0000] {trigger_dagrun.py:257} INFO - Waiting for dbt_etl_pipeline_staging on 2025-04-19 15:20:13.235992+00:00 to become allowed state ['success'] ...
[2025-04-19T15:29:09.443+0000] {trigger_dagrun.py:257} INFO - Waiting for dbt_etl_pipeline_staging on 2025-04-19 15:20:13.235992+00:00 to become allowed state ['success'] ...
[2025-04-19T15:29:14.500+0000] {trigger_dagrun.py:257} INFO - Waiting for dbt_etl_pipeline_staging on 2025-04-19 15:20:13.235992+00:00 to become allowed state ['success'] ...
[2025-04-19T15:29:19.559+0000] {trigger_dagrun.py:257} INFO - Waiting for dbt_etl_pipeline_staging on 2025-04-19 15:20:13.235992+00:00 to become allowed state ['success'] ...
[2025-04-19T15:29:24.610+0000] {trigger_dagrun.py:257} INFO - Waiting for dbt_etl_pipeline_staging on 2025-04-19 15:20:13.235992+00:00 to become allowed state ['success'] ...
[2025-04-19T15:29:29.665+0000] {trigger_dagrun.py:257} INFO - Waiting for dbt_etl_pipeline_staging on 2025-04-19 15:20:13.235992+00:00 to become allowed state ['success'] ...
[2025-04-19T15:29:34.721+0000] {trigger_dagrun.py:257} INFO - Waiting for dbt_etl_pipeline_staging on 2025-04-19 15:20:13.235992+00:00 to become allowed state ['success'] ...
[2025-04-19T15:29:39.801+0000] {trigger_dagrun.py:257} INFO - Waiting for dbt_etl_pipeline_staging on 2025-04-19 15:20:13.235992+00:00 to become allowed state ['success'] ...
[2025-04-19T15:29:44.855+0000] {trigger_dagrun.py:257} INFO - Waiting for dbt_etl_pipeline_staging on 2025-04-19 15:20:13.235992+00:00 to become allowed state ['success'] ...
[2025-04-19T15:29:49.904+0000] {trigger_dagrun.py:257} INFO - Waiting for dbt_etl_pipeline_staging on 2025-04-19 15:20:13.235992+00:00 to become allowed state ['success'] ...
[2025-04-19T15:29:54.968+0000] {trigger_dagrun.py:257} INFO - Waiting for dbt_etl_pipeline_staging on 2025-04-19 15:20:13.235992+00:00 to become allowed state ['success'] ...
[2025-04-19T15:30:00.020+0000] {trigger_dagrun.py:257} INFO - Waiting for dbt_etl_pipeline_staging on 2025-04-19 15:20:13.235992+00:00 to become allowed state ['success'] ...
[2025-04-19T15:30:05.088+0000] {trigger_dagrun.py:257} INFO - Waiting for dbt_etl_pipeline_staging on 2025-04-19 15:20:13.235992+00:00 to become allowed state ['success'] ...
[2025-04-19T15:30:10.139+0000] {trigger_dagrun.py:257} INFO - Waiting for dbt_etl_pipeline_staging on 2025-04-19 15:20:13.235992+00:00 to become allowed state ['success'] ...
[2025-04-19T15:30:15.189+0000] {trigger_dagrun.py:257} INFO - Waiting for dbt_etl_pipeline_staging on 2025-04-19 15:20:13.235992+00:00 to become allowed state ['success'] ...
[2025-04-19T15:30:20.250+0000] {trigger_dagrun.py:257} INFO - Waiting for dbt_etl_pipeline_staging on 2025-04-19 15:20:13.235992+00:00 to become allowed state ['success'] ...
[2025-04-19T15:30:25.305+0000] {trigger_dagrun.py:257} INFO - Waiting for dbt_etl_pipeline_staging on 2025-04-19 15:20:13.235992+00:00 to become allowed state ['success'] ...
[2025-04-19T15:30:30.354+0000] {trigger_dagrun.py:257} INFO - Waiting for dbt_etl_pipeline_staging on 2025-04-19 15:20:13.235992+00:00 to become allowed state ['success'] ...
[2025-04-19T15:30:35.405+0000] {trigger_dagrun.py:257} INFO - Waiting for dbt_etl_pipeline_staging on 2025-04-19 15:20:13.235992+00:00 to become allowed state ['success'] ...
[2025-04-19T15:30:40.454+0000] {trigger_dagrun.py:257} INFO - Waiting for dbt_etl_pipeline_staging on 2025-04-19 15:20:13.235992+00:00 to become allowed state ['success'] ...
[2025-04-19T15:30:45.511+0000] {trigger_dagrun.py:257} INFO - Waiting for dbt_etl_pipeline_staging on 2025-04-19 15:20:13.235992+00:00 to become allowed state ['success'] ...
[2025-04-19T15:30:50.567+0000] {trigger_dagrun.py:257} INFO - Waiting for dbt_etl_pipeline_staging on 2025-04-19 15:20:13.235992+00:00 to become allowed state ['success'] ...
[2025-04-19T15:30:55.617+0000] {trigger_dagrun.py:257} INFO - Waiting for dbt_etl_pipeline_staging on 2025-04-19 15:20:13.235992+00:00 to become allowed state ['success'] ...
[2025-04-19T15:31:00.731+0000] {trigger_dagrun.py:257} INFO - Waiting for dbt_etl_pipeline_staging on 2025-04-19 15:20:13.235992+00:00 to become allowed state ['success'] ...
[2025-04-19T15:31:05.786+0000] {trigger_dagrun.py:257} INFO - Waiting for dbt_etl_pipeline_staging on 2025-04-19 15:20:13.235992+00:00 to become allowed state ['success'] ...
[2025-04-19T15:31:10.838+0000] {trigger_dagrun.py:257} INFO - Waiting for dbt_etl_pipeline_staging on 2025-04-19 15:20:13.235992+00:00 to become allowed state ['success'] ...
[2025-04-19T15:31:15.887+0000] {trigger_dagrun.py:257} INFO - Waiting for dbt_etl_pipeline_staging on 2025-04-19 15:20:13.235992+00:00 to become allowed state ['success'] ...
[2025-04-19T15:31:20.937+0000] {trigger_dagrun.py:257} INFO - Waiting for dbt_etl_pipeline_staging on 2025-04-19 15:20:13.235992+00:00 to become allowed state ['success'] ...
[2025-04-19T15:31:25.990+0000] {trigger_dagrun.py:257} INFO - Waiting for dbt_etl_pipeline_staging on 2025-04-19 15:20:13.235992+00:00 to become allowed state ['success'] ...
[2025-04-19T15:31:31.052+0000] {trigger_dagrun.py:257} INFO - Waiting for dbt_etl_pipeline_staging on 2025-04-19 15:20:13.235992+00:00 to become allowed state ['success'] ...
[2025-04-19T15:31:36.108+0000] {trigger_dagrun.py:257} INFO - Waiting for dbt_etl_pipeline_staging on 2025-04-19 15:20:13.235992+00:00 to become allowed state ['success'] ...
[2025-04-19T15:31:41.157+0000] {trigger_dagrun.py:257} INFO - Waiting for dbt_etl_pipeline_staging on 2025-04-19 15:20:13.235992+00:00 to become allowed state ['success'] ...
[2025-04-19T15:31:46.208+0000] {trigger_dagrun.py:257} INFO - Waiting for dbt_etl_pipeline_staging on 2025-04-19 15:20:13.235992+00:00 to become allowed state ['success'] ...
[2025-04-19T15:31:51.258+0000] {trigger_dagrun.py:257} INFO - Waiting for dbt_etl_pipeline_staging on 2025-04-19 15:20:13.235992+00:00 to become allowed state ['success'] ...
[2025-04-19T15:31:56.312+0000] {trigger_dagrun.py:257} INFO - Waiting for dbt_etl_pipeline_staging on 2025-04-19 15:20:13.235992+00:00 to become allowed state ['success'] ...
[2025-04-19T15:32:01.381+0000] {trigger_dagrun.py:257} INFO - Waiting for dbt_etl_pipeline_staging on 2025-04-19 15:20:13.235992+00:00 to become allowed state ['success'] ...
[2025-04-19T15:32:06.436+0000] {trigger_dagrun.py:257} INFO - Waiting for dbt_etl_pipeline_staging on 2025-04-19 15:20:13.235992+00:00 to become allowed state ['success'] ...
[2025-04-19T15:32:11.490+0000] {trigger_dagrun.py:257} INFO - Waiting for dbt_etl_pipeline_staging on 2025-04-19 15:20:13.235992+00:00 to become allowed state ['success'] ...
[2025-04-19T15:32:16.650+0000] {trigger_dagrun.py:257} INFO - Waiting for dbt_etl_pipeline_staging on 2025-04-19 15:20:13.235992+00:00 to become allowed state ['success'] ...
[2025-04-19T15:32:21.699+0000] {trigger_dagrun.py:257} INFO - Waiting for dbt_etl_pipeline_staging on 2025-04-19 15:20:13.235992+00:00 to become allowed state ['success'] ...
[2025-04-19T15:32:26.743+0000] {trigger_dagrun.py:257} INFO - Waiting for dbt_etl_pipeline_staging on 2025-04-19 15:20:13.235992+00:00 to become allowed state ['success'] ...
[2025-04-19T15:32:31.798+0000] {trigger_dagrun.py:257} INFO - Waiting for dbt_etl_pipeline_staging on 2025-04-19 15:20:13.235992+00:00 to become allowed state ['success'] ...
[2025-04-19T15:32:36.852+0000] {trigger_dagrun.py:257} INFO - Waiting for dbt_etl_pipeline_staging on 2025-04-19 15:20:13.235992+00:00 to become allowed state ['success'] ...
[2025-04-19T15:32:41.902+0000] {trigger_dagrun.py:257} INFO - Waiting for dbt_etl_pipeline_staging on 2025-04-19 15:20:13.235992+00:00 to become allowed state ['success'] ...
[2025-04-19T15:32:46.958+0000] {trigger_dagrun.py:257} INFO - Waiting for dbt_etl_pipeline_staging on 2025-04-19 15:20:13.235992+00:00 to become allowed state ['success'] ...
[2025-04-19T15:32:52.112+0000] {trigger_dagrun.py:257} INFO - Waiting for dbt_etl_pipeline_staging on 2025-04-19 15:20:13.235992+00:00 to become allowed state ['success'] ...
[2025-04-19T15:32:57.182+0000] {trigger_dagrun.py:257} INFO - Waiting for dbt_etl_pipeline_staging on 2025-04-19 15:20:13.235992+00:00 to become allowed state ['success'] ...
[2025-04-19T15:33:02.330+0000] {trigger_dagrun.py:257} INFO - Waiting for dbt_etl_pipeline_staging on 2025-04-19 15:20:13.235992+00:00 to become allowed state ['success'] ...
[2025-04-19T15:33:07.380+0000] {trigger_dagrun.py:257} INFO - Waiting for dbt_etl_pipeline_staging on 2025-04-19 15:20:13.235992+00:00 to become allowed state ['success'] ...
[2025-04-19T15:33:12.429+0000] {trigger_dagrun.py:257} INFO - Waiting for dbt_etl_pipeline_staging on 2025-04-19 15:20:13.235992+00:00 to become allowed state ['success'] ...
[2025-04-19T15:33:17.485+0000] {trigger_dagrun.py:257} INFO - Waiting for dbt_etl_pipeline_staging on 2025-04-19 15:20:13.235992+00:00 to become allowed state ['success'] ...
[2025-04-19T15:33:22.540+0000] {trigger_dagrun.py:257} INFO - Waiting for dbt_etl_pipeline_staging on 2025-04-19 15:20:13.235992+00:00 to become allowed state ['success'] ...
[2025-04-19T15:33:27.609+0000] {trigger_dagrun.py:257} INFO - Waiting for dbt_etl_pipeline_staging on 2025-04-19 15:20:13.235992+00:00 to become allowed state ['success'] ...
[2025-04-19T15:33:32.685+0000] {trigger_dagrun.py:257} INFO - Waiting for dbt_etl_pipeline_staging on 2025-04-19 15:20:13.235992+00:00 to become allowed state ['success'] ...
[2025-04-19T15:33:37.734+0000] {trigger_dagrun.py:257} INFO - Waiting for dbt_etl_pipeline_staging on 2025-04-19 15:20:13.235992+00:00 to become allowed state ['success'] ...
[2025-04-19T15:33:42.785+0000] {trigger_dagrun.py:257} INFO - Waiting for dbt_etl_pipeline_staging on 2025-04-19 15:20:13.235992+00:00 to become allowed state ['success'] ...
[2025-04-19T15:33:47.839+0000] {trigger_dagrun.py:257} INFO - Waiting for dbt_etl_pipeline_staging on 2025-04-19 15:20:13.235992+00:00 to become allowed state ['success'] ...
[2025-04-19T15:33:52.889+0000] {trigger_dagrun.py:257} INFO - Waiting for dbt_etl_pipeline_staging on 2025-04-19 15:20:13.235992+00:00 to become allowed state ['success'] ...
[2025-04-19T15:33:57.941+0000] {trigger_dagrun.py:257} INFO - Waiting for dbt_etl_pipeline_staging on 2025-04-19 15:20:13.235992+00:00 to become allowed state ['success'] ...
[2025-04-19T15:34:02.991+0000] {trigger_dagrun.py:257} INFO - Waiting for dbt_etl_pipeline_staging on 2025-04-19 15:20:13.235992+00:00 to become allowed state ['success'] ...
[2025-04-19T15:34:08.049+0000] {trigger_dagrun.py:257} INFO - Waiting for dbt_etl_pipeline_staging on 2025-04-19 15:20:13.235992+00:00 to become allowed state ['success'] ...
[2025-04-19T15:34:13.126+0000] {trigger_dagrun.py:257} INFO - Waiting for dbt_etl_pipeline_staging on 2025-04-19 15:20:13.235992+00:00 to become allowed state ['success'] ...
[2025-04-19T15:34:18.183+0000] {trigger_dagrun.py:257} INFO - Waiting for dbt_etl_pipeline_staging on 2025-04-19 15:20:13.235992+00:00 to become allowed state ['success'] ...
[2025-04-19T15:34:23.245+0000] {trigger_dagrun.py:257} INFO - Waiting for dbt_etl_pipeline_staging on 2025-04-19 15:20:13.235992+00:00 to become allowed state ['success'] ...
[2025-04-19T15:34:28.307+0000] {trigger_dagrun.py:257} INFO - Waiting for dbt_etl_pipeline_staging on 2025-04-19 15:20:13.235992+00:00 to become allowed state ['success'] ...
[2025-04-19T15:34:33.363+0000] {trigger_dagrun.py:257} INFO - Waiting for dbt_etl_pipeline_staging on 2025-04-19 15:20:13.235992+00:00 to become allowed state ['success'] ...
[2025-04-19T15:34:38.414+0000] {trigger_dagrun.py:257} INFO - Waiting for dbt_etl_pipeline_staging on 2025-04-19 15:20:13.235992+00:00 to become allowed state ['success'] ...
[2025-04-19T15:34:43.466+0000] {trigger_dagrun.py:257} INFO - Waiting for dbt_etl_pipeline_staging on 2025-04-19 15:20:13.235992+00:00 to become allowed state ['success'] ...
[2025-04-19T15:34:48.520+0000] {trigger_dagrun.py:257} INFO - Waiting for dbt_etl_pipeline_staging on 2025-04-19 15:20:13.235992+00:00 to become allowed state ['success'] ...
[2025-04-19T15:34:53.579+0000] {trigger_dagrun.py:257} INFO - Waiting for dbt_etl_pipeline_staging on 2025-04-19 15:20:13.235992+00:00 to become allowed state ['success'] ...
[2025-04-19T15:34:58.629+0000] {trigger_dagrun.py:257} INFO - Waiting for dbt_etl_pipeline_staging on 2025-04-19 15:20:13.235992+00:00 to become allowed state ['success'] ...
[2025-04-19T15:35:03.685+0000] {trigger_dagrun.py:257} INFO - Waiting for dbt_etl_pipeline_staging on 2025-04-19 15:20:13.235992+00:00 to become allowed state ['success'] ...
[2025-04-19T15:35:08.736+0000] {taskinstance.py:3313} ERROR - Task failed with exception
Traceback (most recent call last):
  File "/home/airflow/.local/lib/python3.12/site-packages/airflow/models/taskinstance.py", line 768, in _execute_task
    result = _execute_callable(context=context, **execute_callable_kwargs)
             ^^^^^^^^^^^^^^^^^^^^^^^^^^^^^^^^^^^^^^^^^^^^^^^^^^^^^^^^^^^^^
  File "/home/airflow/.local/lib/python3.12/site-packages/airflow/models/taskinstance.py", line 734, in _execute_callable
    return ExecutionCallableRunner(
           ^^^^^^^^^^^^^^^^^^^^^^^^
  File "/home/airflow/.local/lib/python3.12/site-packages/airflow/utils/operator_helpers.py", line 252, in run
    return self.func(*args, **kwargs)
           ^^^^^^^^^^^^^^^^^^^^^^^^^^
  File "/home/airflow/.local/lib/python3.12/site-packages/airflow/models/baseoperator.py", line 424, in wrapper
    return func(self, *args, **kwargs)
           ^^^^^^^^^^^^^^^^^^^^^^^^^^^
  File "/home/airflow/.local/lib/python3.12/site-packages/airflow/operators/trigger_dagrun.py", line 266, in execute
    dag_run.refresh_from_db()
  File "/home/airflow/.local/lib/python3.12/site-packages/airflow/utils/session.py", line 97, in wrapper
    return func(*args, session=session, **kwargs)
           ^^^^^^^^^^^^^^^^^^^^^^^^^^^^^^^^^^^^^^
  File "/home/airflow/.local/lib/python3.12/site-packages/airflow/models/dagrun.py", line 361, in refresh_from_db
    ).one()
      ^^^^^
  File "/home/airflow/.local/lib/python3.12/site-packages/sqlalchemy/engine/result.py", line 1522, in one
    return self._only_one_row(
           ^^^^^^^^^^^^^^^^^^^
  File "/home/airflow/.local/lib/python3.12/site-packages/sqlalchemy/engine/result.py", line 562, in _only_one_row
    raise exc.NoResultFound(
sqlalchemy.exc.NoResultFound: No row was found when one was required
[2025-04-19T15:35:08.794+0000] {taskinstance.py:1226} INFO - Marking task as FAILED. dag_id=load_new_order_items, task_id=dbt_staging, run_id=manual__2025-04-19T15:20:13.235992+00:00, execution_date=20250419T152013, start_date=20250419T152817, end_date=20250419T153508
[2025-04-19T15:35:08.804+0000] {taskinstance.py:341} INFO - ::group::Post task execution logs
[2025-04-19T15:35:08.805+0000] {standard_task_runner.py:124} ERROR - Failed to execute job 221 for task dbt_staging ((psycopg2.errors.ForeignKeyViolation) insert or update on table "task_fail" violates foreign key constraint "task_fail_ti_fkey"
DETAIL:  Key (dag_id, task_id, run_id, map_index)=(load_new_order_items, dbt_staging, manual__2025-04-19T15:20:13.235992+00:00, -1) is not present in table "task_instance".

[SQL: INSERT INTO task_fail (task_id, dag_id, run_id, map_index, start_date, end_date, duration) VALUES (%(task_id)s, %(dag_id)s, %(run_id)s, %(map_index)s, %(start_date)s, %(end_date)s, %(duration)s) RETURNING task_fail.id]
[parameters: {'task_id': 'dbt_staging', 'dag_id': 'load_new_order_items', 'run_id': 'manual__2025-04-19T15:20:13.235992+00:00', 'map_index': -1, 'start_date': datetime.datetime(2025, 4, 19, 15, 28, 17, 613612, tzinfo=Timezone('UTC')), 'end_date': datetime.datetime(2025, 4, 19, 15, 35, 8, 793362, tzinfo=Timezone('UTC')), 'duration': 411}]
(Background on this error at: https://sqlalche.me/e/14/gkpj); 2867)
Traceback (most recent call last):
  File "/home/airflow/.local/lib/python3.12/site-packages/airflow/models/taskinstance.py", line 274, in _run_raw_task
    TaskInstance._execute_task_with_callbacks(
  File "/home/airflow/.local/lib/python3.12/site-packages/airflow/models/taskinstance.py", line 3161, in _execute_task_with_callbacks
    result = self._execute_task(context, task_orig)
             ^^^^^^^^^^^^^^^^^^^^^^^^^^^^^^^^^^^^^^
  File "/home/airflow/.local/lib/python3.12/site-packages/airflow/models/taskinstance.py", line 3185, in _execute_task
    return _execute_task(self, context, task_orig)
           ^^^^^^^^^^^^^^^^^^^^^^^^^^^^^^^^^^^^^^^
  File "/home/airflow/.local/lib/python3.12/site-packages/airflow/models/taskinstance.py", line 768, in _execute_task
    result = _execute_callable(context=context, **execute_callable_kwargs)
             ^^^^^^^^^^^^^^^^^^^^^^^^^^^^^^^^^^^^^^^^^^^^^^^^^^^^^^^^^^^^^
  File "/home/airflow/.local/lib/python3.12/site-packages/airflow/models/taskinstance.py", line 734, in _execute_callable
    return ExecutionCallableRunner(
           ^^^^^^^^^^^^^^^^^^^^^^^^
  File "/home/airflow/.local/lib/python3.12/site-packages/airflow/utils/operator_helpers.py", line 252, in run
    return self.func(*args, **kwargs)
           ^^^^^^^^^^^^^^^^^^^^^^^^^^
  File "/home/airflow/.local/lib/python3.12/site-packages/airflow/models/baseoperator.py", line 424, in wrapper
    return func(self, *args, **kwargs)
           ^^^^^^^^^^^^^^^^^^^^^^^^^^^
  File "/home/airflow/.local/lib/python3.12/site-packages/airflow/operators/trigger_dagrun.py", line 266, in execute
    dag_run.refresh_from_db()
  File "/home/airflow/.local/lib/python3.12/site-packages/airflow/utils/session.py", line 97, in wrapper
    return func(*args, session=session, **kwargs)
           ^^^^^^^^^^^^^^^^^^^^^^^^^^^^^^^^^^^^^^
  File "/home/airflow/.local/lib/python3.12/site-packages/airflow/models/dagrun.py", line 361, in refresh_from_db
    ).one()
      ^^^^^
  File "/home/airflow/.local/lib/python3.12/site-packages/sqlalchemy/engine/result.py", line 1522, in one
    return self._only_one_row(
           ^^^^^^^^^^^^^^^^^^^
  File "/home/airflow/.local/lib/python3.12/site-packages/sqlalchemy/engine/result.py", line 562, in _only_one_row
    raise exc.NoResultFound(
sqlalchemy.exc.NoResultFound: No row was found when one was required

During handling of the above exception, another exception occurred:

Traceback (most recent call last):
  File "/home/airflow/.local/lib/python3.12/site-packages/sqlalchemy/engine/base.py", line 1910, in _execute_context
    self.dialect.do_execute(
  File "/home/airflow/.local/lib/python3.12/site-packages/sqlalchemy/engine/default.py", line 736, in do_execute
    cursor.execute(statement, parameters)
psycopg2.errors.ForeignKeyViolation: insert or update on table "task_fail" violates foreign key constraint "task_fail_ti_fkey"
DETAIL:  Key (dag_id, task_id, run_id, map_index)=(load_new_order_items, dbt_staging, manual__2025-04-19T15:20:13.235992+00:00, -1) is not present in table "task_instance".


The above exception was the direct cause of the following exception:

Traceback (most recent call last):
  File "/home/airflow/.local/lib/python3.12/site-packages/airflow/task/task_runner/standard_task_runner.py", line 117, in _start_by_fork
    ret = args.func(args, dag=self.dag)
          ^^^^^^^^^^^^^^^^^^^^^^^^^^^^^
  File "/home/airflow/.local/lib/python3.12/site-packages/airflow/cli/cli_config.py", line 49, in command
    return func(*args, **kwargs)
           ^^^^^^^^^^^^^^^^^^^^^
  File "/home/airflow/.local/lib/python3.12/site-packages/airflow/utils/cli.py", line 116, in wrapper
    return f(*args, **kwargs)
           ^^^^^^^^^^^^^^^^^^
  File "/home/airflow/.local/lib/python3.12/site-packages/airflow/cli/commands/task_command.py", line 483, in task_run
    task_return_code = _run_task_by_selected_method(args, _dag, ti)
                       ^^^^^^^^^^^^^^^^^^^^^^^^^^^^^^^^^^^^^^^^^^^^
  File "/home/airflow/.local/lib/python3.12/site-packages/airflow/cli/commands/task_command.py", line 256, in _run_task_by_selected_method
    return _run_raw_task(args, ti)
           ^^^^^^^^^^^^^^^^^^^^^^^
  File "/home/airflow/.local/lib/python3.12/site-packages/airflow/cli/commands/task_command.py", line 341, in _run_raw_task
    return ti._run_raw_task(
           ^^^^^^^^^^^^^^^^^
  File "/home/airflow/.local/lib/python3.12/site-packages/airflow/utils/session.py", line 97, in wrapper
    return func(*args, session=session, **kwargs)
           ^^^^^^^^^^^^^^^^^^^^^^^^^^^^^^^^^^^^^^
  File "/home/airflow/.local/lib/python3.12/site-packages/airflow/models/taskinstance.py", line 3006, in _run_raw_task
    return _run_raw_task(
           ^^^^^^^^^^^^^^
  File "/home/airflow/.local/lib/python3.12/site-packages/airflow/models/taskinstance.py", line 337, in _run_raw_task
    ti.handle_failure(e, test_mode, context, session=session)
  File "/home/airflow/.local/lib/python3.12/site-packages/airflow/utils/session.py", line 94, in wrapper
    return func(*args, **kwargs)
           ^^^^^^^^^^^^^^^^^^^^^
  File "/home/airflow/.local/lib/python3.12/site-packages/airflow/models/taskinstance.py", line 3434, in handle_failure
    _handle_failure(
  File "/home/airflow/.local/lib/python3.12/site-packages/airflow/utils/session.py", line 94, in wrapper
    return func(*args, **kwargs)
           ^^^^^^^^^^^^^^^^^^^^^
  File "/home/airflow/.local/lib/python3.12/site-packages/airflow/api_internal/internal_api_call.py", line 166, in wrapper
    return func(*args, **kwargs)
           ^^^^^^^^^^^^^^^^^^^^^
  File "/home/airflow/.local/lib/python3.12/site-packages/airflow/models/taskinstance.py", line 1244, in _handle_failure
    TaskInstance.save_to_db(task_instance, session)
  File "/home/airflow/.local/lib/python3.12/site-packages/airflow/api_internal/internal_api_call.py", line 166, in wrapper
    return func(*args, **kwargs)
           ^^^^^^^^^^^^^^^^^^^^^
  File "/home/airflow/.local/lib/python3.12/site-packages/airflow/utils/session.py", line 94, in wrapper
    return func(*args, **kwargs)
           ^^^^^^^^^^^^^^^^^^^^^
  File "/home/airflow/.local/lib/python3.12/site-packages/airflow/models/taskinstance.py", line 3402, in save_to_db
    ti.get_dagrun().refresh_from_db()
    ^^^^^^^^^^^^^^^
  File "/home/airflow/.local/lib/python3.12/site-packages/airflow/utils/session.py", line 96, in wrapper
    with create_session() as session:
         ^^^^^^^^^^^^^^^^
  File "/usr/local/lib/python3.12/contextlib.py", line 144, in __exit__
    next(self.gen)
  File "/home/airflow/.local/lib/python3.12/site-packages/airflow/utils/session.py", line 57, in create_session
    session.commit()
  File "/home/airflow/.local/lib/python3.12/site-packages/sqlalchemy/orm/session.py", line 1454, in commit
    self._transaction.commit(_to_root=self.future)
  File "/home/airflow/.local/lib/python3.12/site-packages/sqlalchemy/orm/session.py", line 832, in commit
    self._prepare_impl()
  File "/home/airflow/.local/lib/python3.12/site-packages/sqlalchemy/orm/session.py", line 811, in _prepare_impl
    self.session.flush()
  File "/home/airflow/.local/lib/python3.12/site-packages/sqlalchemy/orm/session.py", line 3449, in flush
    self._flush(objects)
  File "/home/airflow/.local/lib/python3.12/site-packages/sqlalchemy/orm/session.py", line 3588, in _flush
    with util.safe_reraise():
         ^^^^^^^^^^^^^^^^^^^
  File "/home/airflow/.local/lib/python3.12/site-packages/sqlalchemy/util/langhelpers.py", line 70, in __exit__
    compat.raise_(
  File "/home/airflow/.local/lib/python3.12/site-packages/sqlalchemy/util/compat.py", line 211, in raise_
    raise exception
  File "/home/airflow/.local/lib/python3.12/site-packages/sqlalchemy/orm/session.py", line 3549, in _flush
    flush_context.execute()
  File "/home/airflow/.local/lib/python3.12/site-packages/sqlalchemy/orm/unitofwork.py", line 456, in execute
    rec.execute(self)
  File "/home/airflow/.local/lib/python3.12/site-packages/sqlalchemy/orm/unitofwork.py", line 630, in execute
    util.preloaded.orm_persistence.save_obj(
  File "/home/airflow/.local/lib/python3.12/site-packages/sqlalchemy/orm/persistence.py", line 245, in save_obj
    _emit_insert_statements(
  File "/home/airflow/.local/lib/python3.12/site-packages/sqlalchemy/orm/persistence.py", line 1238, in _emit_insert_statements
    result = connection._execute_20(
             ^^^^^^^^^^^^^^^^^^^^^^^
  File "/home/airflow/.local/lib/python3.12/site-packages/sqlalchemy/engine/base.py", line 1710, in _execute_20
    return meth(self, args_10style, kwargs_10style, execution_options)
           ^^^^^^^^^^^^^^^^^^^^^^^^^^^^^^^^^^^^^^^^^^^^^^^^^^^^^^^^^^^
  File "/home/airflow/.local/lib/python3.12/site-packages/sqlalchemy/sql/elements.py", line 334, in _execute_on_connection
    return connection._execute_clauseelement(
           ^^^^^^^^^^^^^^^^^^^^^^^^^^^^^^^^^^
  File "/home/airflow/.local/lib/python3.12/site-packages/sqlalchemy/engine/base.py", line 1577, in _execute_clauseelement
    ret = self._execute_context(
          ^^^^^^^^^^^^^^^^^^^^^^
  File "/home/airflow/.local/lib/python3.12/site-packages/sqlalchemy/engine/base.py", line 1953, in _execute_context
    self._handle_dbapi_exception(
  File "/home/airflow/.local/lib/python3.12/site-packages/sqlalchemy/engine/base.py", line 2134, in _handle_dbapi_exception
    util.raise_(
  File "/home/airflow/.local/lib/python3.12/site-packages/sqlalchemy/util/compat.py", line 211, in raise_
    raise exception
  File "/home/airflow/.local/lib/python3.12/site-packages/sqlalchemy/engine/base.py", line 1910, in _execute_context
    self.dialect.do_execute(
  File "/home/airflow/.local/lib/python3.12/site-packages/sqlalchemy/engine/default.py", line 736, in do_execute
    cursor.execute(statement, parameters)
sqlalchemy.exc.IntegrityError: (psycopg2.errors.ForeignKeyViolation) insert or update on table "task_fail" violates foreign key constraint "task_fail_ti_fkey"
DETAIL:  Key (dag_id, task_id, run_id, map_index)=(load_new_order_items, dbt_staging, manual__2025-04-19T15:20:13.235992+00:00, -1) is not present in table "task_instance".

[SQL: INSERT INTO task_fail (task_id, dag_id, run_id, map_index, start_date, end_date, duration) VALUES (%(task_id)s, %(dag_id)s, %(run_id)s, %(map_index)s, %(start_date)s, %(end_date)s, %(duration)s) RETURNING task_fail.id]
[parameters: {'task_id': 'dbt_staging', 'dag_id': 'load_new_order_items', 'run_id': 'manual__2025-04-19T15:20:13.235992+00:00', 'map_index': -1, 'start_date': datetime.datetime(2025, 4, 19, 15, 28, 17, 613612, tzinfo=Timezone('UTC')), 'end_date': datetime.datetime(2025, 4, 19, 15, 35, 8, 793362, tzinfo=Timezone('UTC')), 'duration': 411}]
(Background on this error at: https://sqlalche.me/e/14/gkpj)
[2025-04-19T15:35:08.829+0000] {local_task_job_runner.py:266} INFO - Task exited with return code 1
[2025-04-19T15:35:08.879+0000] {local_task_job_runner.py:245} INFO - ::endgroup::
